<?xml version="1.0" encoding="UTF-8"?>
<!-- Generated by org.testng.reporters.JUnitReportReporter -->
<testsuite hostname="PoojaPatange-PC" name="CitoolAutomationTesting.AttendanceReport" tests="2" failures="0" timestamp="26 Sep 2018 08:29:08 GMT" time="328.003" errors="0">
  <testcase name="failTest" time="327.999" classname="CitoolAutomationTesting.AttendanceReport"/>
  <testcase name="passTest" time="0.004" classname="CitoolAutomationTesting.AttendanceReport"/>
</testsuite> <!-- CitoolAutomationTesting.AttendanceReport -->
