<?xml version="1.0" encoding="UTF-8"?>
<!-- Generated by org.testng.reporters.JUnitReportReporter -->
<testsuite hostname="PoojaPatange-PC" name="CitoolAutomationTesting.AramexOutletsClass" tests="2" failures="0" timestamp="20 Sep 2018 12:48:42 GMT" time="42.047" errors="0">
  <testcase name="failTest" time="42.039" classname="CitoolAutomationTesting.AramexOutletsClass"/>
  <testcase name="passTest" time="0.008" classname="CitoolAutomationTesting.AramexOutletsClass"/>
</testsuite> <!-- CitoolAutomationTesting.AramexOutletsClass -->
