<?xml version="1.0" encoding="UTF-8"?>
<!-- Generated by org.testng.reporters.JUnitReportReporter -->
<testsuite hostname="PoojaPatange-PC" name="CitoolAutomationTesting.TvProgramGuideClass" tests="2" failures="0" timestamp="9 Sep 2018 08:42:43 GMT" time="428.128" errors="0">
  <testcase name="failTest" time="428.119" classname="CitoolAutomationTesting.TvProgramGuideClass"/>
  <testcase name="passTest" time="0.009" classname="CitoolAutomationTesting.TvProgramGuideClass"/>
</testsuite> <!-- CitoolAutomationTesting.TvProgramGuideClass -->
