<?xml version="1.0" encoding="UTF-8"?>
<!-- Generated by org.testng.reporters.JUnitReportReporter -->
<testsuite hostname="PoojaPatange-PC" name="CitoolAutomationTesting.SkillReport" tests="2" failures="0" timestamp="23 Sep 2018 13:19:59 GMT" time="130.683" errors="0">
  <testcase name="passTest" time="0.014" classname="CitoolAutomationTesting.SkillReport"/>
  <testcase name="failTest" time="130.669" classname="CitoolAutomationTesting.SkillReport"/>
</testsuite> <!-- CitoolAutomationTesting.SkillReport -->
