<?xml version="1.0" encoding="UTF-8"?>
<!-- Generated by org.testng.reporters.JUnitReportReporter -->
<testsuite hostname="PoojaPatange-PC" name="CitoolAutomationTesting.ProductsClass" tests="2" failures="0" timestamp="9 Sep 2018 08:48:29 GMT" time="153.626" errors="0">
  <testcase name="passTest" time="0.010" classname="CitoolAutomationTesting.ProductsClass"/>
  <testcase name="failTest" time="153.616" classname="CitoolAutomationTesting.ProductsClass"/>
</testsuite> <!-- CitoolAutomationTesting.ProductsClass -->
