<?xml version="1.0" encoding="UTF-8"?>
<!-- Generated by org.testng.reporters.JUnitReportReporter -->
<testsuite hostname="PoojaPatange-PC" name="CitoolAutomationTesting.PilotV1Class" tests="2" failures="0" timestamp="9 Sep 2018 08:13:35 GMT" time="332.134" errors="0">
  <testcase name="passTest" time="0.013" classname="CitoolAutomationTesting.PilotV1Class"/>
  <testcase name="failTest" time="332.121" classname="CitoolAutomationTesting.PilotV1Class"/>
</testsuite> <!-- CitoolAutomationTesting.PilotV1Class -->
