<?xml version="1.0" encoding="UTF-8"?>
<!-- Generated by org.testng.reporters.JUnitReportReporter -->
<testsuite hostname="PoojaPatange-PC" name="webAutoTest.SaudiArabicCODClass" tests="1" failures="0" timestamp="5 Jul 2018 10:44:24 GMT" time="0.017" errors="0">
  <testcase name="passTest" time="0.017" classname="webAutoTest.SaudiArabicCODClass"/>
</testsuite> <!-- webAutoTest.SaudiArabicCODClass -->
