<?xml version="1.0" encoding="UTF-8"?>
<!-- Generated by org.testng.reporters.JUnitReportReporter -->
<testsuite hostname="PoojaPatange-PC" name="webAutoTest.CitrussTV.UAEArabicPaypalClass" tests="2" failures="0" timestamp="25 Jun 2018 08:15:42 GMT" time="150.318" errors="0">
  <testcase name="failTest" time="150.310" classname="webAutoTest.CitrussTV.UAEArabicPaypalClass"/>
  <testcase name="passTest" time="0.008" classname="webAutoTest.CitrussTV.UAEArabicPaypalClass"/>
</testsuite> <!-- webAutoTest.CitrussTV.UAEArabicPaypalClass -->
