<?xml version="1.0" encoding="UTF-8"?>
<!-- Generated by org.testng.reporters.JUnitReportReporter -->
<testsuite hostname="PoojaPatange-PC" name="webAutoTest.CitrussTV.SaudiArabicCreditCardClass" tests="2" failures="0" timestamp="24 Jun 2018 12:03:03 GMT" time="200.961" errors="0">
  <testcase name="passTest" time="0.012" classname="webAutoTest.CitrussTV.SaudiArabicCreditCardClass"/>
  <testcase name="failTest" time="200.949" classname="webAutoTest.CitrussTV.SaudiArabicCreditCardClass"/>
</testsuite> <!-- webAutoTest.CitrussTV.SaudiArabicCreditCardClass -->
