<?xml version="1.0" encoding="UTF-8"?>
<!-- Generated by org.testng.reporters.JUnitReportReporter -->
<testsuite hostname="PoojaPatange-PC" name="webAutoTest.SaudiEnglishPaypalClass" tests="2" failures="0" timestamp="2 Jul 2018 09:53:40 GMT" time="292.003" errors="0">
  <testcase name="failTest" time="291.986" classname="webAutoTest.SaudiEnglishPaypalClass"/>
  <testcase name="passTest" time="0.017" classname="webAutoTest.SaudiEnglishPaypalClass"/>
</testsuite> <!-- webAutoTest.SaudiEnglishPaypalClass -->
