<?xml version="1.0" encoding="UTF-8"?>
<!-- Generated by org.testng.reporters.JUnitReportReporter -->
<testsuite hostname="PoojaPatange-PC" name="webAutoTest.CitrussTV.SaudiEnglishPaypalClass" tests="2" failures="0" timestamp="24 Jun 2018 12:45:56 GMT" time="137.769" errors="0">
  <testcase name="passTest" time="0.008" classname="webAutoTest.CitrussTV.SaudiEnglishPaypalClass"/>
  <testcase name="failTest" time="137.761" classname="webAutoTest.CitrussTV.SaudiEnglishPaypalClass"/>
</testsuite> <!-- webAutoTest.CitrussTV.SaudiEnglishPaypalClass -->
