<?xml version="1.0" encoding="UTF-8"?>
<!-- Generated by org.testng.reporters.JUnitReportReporter -->
<testsuite hostname="PoojaPatange-PC" name="webAutoTest.UAEArabicCODClass" tests="2" failures="0" timestamp="3 Jul 2018 08:06:44 GMT" time="130.936" errors="0">
  <testcase name="failTest" time="130.930" classname="webAutoTest.UAEArabicCODClass"/>
  <testcase name="passTest" time="0.006" classname="webAutoTest.UAEArabicCODClass"/>
</testsuite> <!-- webAutoTest.UAEArabicCODClass -->
