<?xml version="1.0" encoding="UTF-8"?>
<!-- Generated by org.testng.reporters.JUnitReportReporter -->
<testsuite hostname="PoojaPatange-PC" name="webAutoTest.CitrussTV.SAudiEnglishCODClass" tests="2" failures="0" timestamp="24 Jun 2018 12:33:03 GMT" time="400.999" errors="0">
  <testcase name="passTest" time="0.009" classname="webAutoTest.CitrussTV.SAudiEnglishCODClass"/>
  <testcase name="failTest" time="400.990" classname="webAutoTest.CitrussTV.SAudiEnglishCODClass"/>
</testsuite> <!-- webAutoTest.CitrussTV.SAudiEnglishCODClass -->
