<?xml version="1.0" encoding="UTF-8"?>
<!-- Generated by org.testng.reporters.JUnitReportReporter -->
<testsuite hostname="PoojaPatange-PC" name="webAutoTest.CitrussTV.SaudiArabicPaypalClass" tests="2" failures="0" timestamp="24 Jun 2018 11:51:36 GMT" time="142.644" errors="0">
  <testcase name="passTest" time="0.013" classname="webAutoTest.CitrussTV.SaudiArabicPaypalClass"/>
  <testcase name="failTest" time="142.631" classname="webAutoTest.CitrussTV.SaudiArabicPaypalClass"/>
</testsuite> <!-- webAutoTest.CitrussTV.SaudiArabicPaypalClass -->
