<?xml version="1.0" encoding="UTF-8"?>
<!-- Generated by org.testng.reporters.JUnitReportReporter -->
<testsuite hostname="PoojaPatange-PC" name="webAutoTest.CitrussTV.SaudiEnglishCreditCardClass" tests="2" failures="0" timestamp="24 Jun 2018 12:40:04 GMT" time="160.585" errors="0">
  <testcase name="passTest" time="0.012" classname="webAutoTest.CitrussTV.SaudiEnglishCreditCardClass"/>
  <testcase name="failTest" time="160.573" classname="webAutoTest.CitrussTV.SaudiEnglishCreditCardClass"/>
</testsuite> <!-- webAutoTest.CitrussTV.SaudiEnglishCreditCardClass -->
