<?xml version="1.0" encoding="UTF-8"?>
<!-- Generated by org.testng.reporters.JUnitReportReporter -->
<testsuite hostname="PoojaPatange-PC" name="webAutoTest.SaudiArabicCreditCardClass" tests="2" failures="0" timestamp="1 Jul 2018 13:27:59 GMT" time="169.304" errors="0">
  <testcase name="passTest" time="0.009" classname="webAutoTest.SaudiArabicCreditCardClass"/>
  <testcase name="failTest" time="169.295" classname="webAutoTest.SaudiArabicCreditCardClass"/>
</testsuite> <!-- webAutoTest.SaudiArabicCreditCardClass -->
