<?xml version="1.0" encoding="UTF-8"?>
<!-- Generated by org.testng.reporters.JUnitReportReporter -->
<testsuite hostname="PoojaPatange-PC" name="webAutoTest.CitrussTV.MainMenuLinksEnglishClass" tests="2" failures="0" timestamp="24 Jun 2018 10:24:23 GMT" time="64.397" errors="0">
  <testcase name="failTest" time="64.389" classname="webAutoTest.CitrussTV.MainMenuLinksEnglishClass"/>
  <testcase name="passTest" time="0.008" classname="webAutoTest.CitrussTV.MainMenuLinksEnglishClass"/>
</testsuite> <!-- webAutoTest.CitrussTV.MainMenuLinksEnglishClass -->
