<?xml version="1.0" encoding="UTF-8"?>
<!-- Generated by org.testng.reporters.JUnitReportReporter -->
<testsuite hostname="PoojaPatange-PC" name="webAutoTest.CitrussTV.UAEArabicPaypalClass" tests="2" failures="0" timestamp="26 Jun 2018 08:01:59 GMT" time="96.089" errors="0">
  <testcase name="failTest" time="96.081" classname="webAutoTest.CitrussTV.UAEArabicPaypalClass"/>
  <testcase name="passTest" time="0.008" classname="webAutoTest.CitrussTV.UAEArabicPaypalClass"/>
</testsuite> <!-- webAutoTest.CitrussTV.UAEArabicPaypalClass -->
