<?xml version="1.0" encoding="UTF-8"?>
<!-- Generated by org.testng.reporters.JUnitReportReporter -->
<testsuite hostname="PoojaPatange-PC" name="webAutoTest.CitrussTV.UAEnglishCreditCardClass" tests="2" failures="0" timestamp="24 Jun 2018 13:17:55 GMT" time="96.989" errors="0">
  <testcase name="failTest" time="96.971" classname="webAutoTest.CitrussTV.UAEnglishCreditCardClass"/>
  <testcase name="passTest" time="0.018" classname="webAutoTest.CitrussTV.UAEnglishCreditCardClass"/>
</testsuite> <!-- webAutoTest.CitrussTV.UAEnglishCreditCardClass -->
