<?xml version="1.0" encoding="UTF-8"?>
<!-- Generated by org.testng.reporters.JUnitReportReporter -->
<testsuite hostname="PoojaPatange-PC" name="webAutoTest.CitrussTV.AllStoresareUPArabicClass" tests="2" failures="0" timestamp="24 Jun 2018 10:15:31 GMT" time="179.367" errors="0">
  <testcase name="failTest" time="179.360" classname="webAutoTest.CitrussTV.AllStoresareUPArabicClass"/>
  <testcase name="passTest" time="0.007" classname="webAutoTest.CitrussTV.AllStoresareUPArabicClass"/>
</testsuite> <!-- webAutoTest.CitrussTV.AllStoresareUPArabicClass -->
