<?xml version="1.0" encoding="UTF-8"?>
<!-- Generated by org.testng.reporters.JUnitReportReporter -->
<testsuite hostname="PoojaPatange-PC" name="webAutoTest.CitrussTV.UAEArabicCODClass" tests="2" failures="0" timestamp="24 Jun 2018 11:03:03 GMT" time="112.089" errors="0">
  <testcase name="failTest" time="112.083" classname="webAutoTest.CitrussTV.UAEArabicCODClass"/>
  <testcase name="passTest" time="0.006" classname="webAutoTest.CitrussTV.UAEArabicCODClass"/>
</testsuite> <!-- webAutoTest.CitrussTV.UAEArabicCODClass -->
