<?xml version="1.0" encoding="UTF-8"?>
<!-- Generated by org.testng.reporters.JUnitReportReporter -->
<testsuite hostname="PoojaPatange-PC" name="webAutoTest.UAEArabicCreditCardClass" tests="2" failures="0" timestamp="3 Jul 2018 11:02:14 GMT" time="129.661" errors="0">
  <testcase name="passTest" time="0.005" classname="webAutoTest.UAEArabicCreditCardClass"/>
  <testcase name="failTest" time="129.656" classname="webAutoTest.UAEArabicCreditCardClass"/>
</testsuite> <!-- webAutoTest.UAEArabicCreditCardClass -->
