<?xml version="1.0" encoding="UTF-8"?>
<!-- Generated by org.testng.reporters.JUnitReportReporter -->
<testsuite hostname="PoojaPatange-PC" name="webAutoTest.SAudiEnglishCODClass" tests="2" failures="0" timestamp="2 Jul 2018 09:36:03 GMT" time="214.956" errors="0">
  <testcase name="failTest" time="214.949" classname="webAutoTest.SAudiEnglishCODClass"/>
  <testcase name="passTest" time="0.007" classname="webAutoTest.SAudiEnglishCODClass"/>
</testsuite> <!-- webAutoTest.SAudiEnglishCODClass -->
