<?xml version="1.0" encoding="UTF-8"?>
<!-- Generated by org.testng.reporters.JUnitReportReporter -->
<testsuite hostname="PoojaPatange-PC" name="webAutoTest.CitrussTV.UAEnglishPaypalClass" tests="2" failures="0" timestamp="24 Jun 2018 13:14:30 GMT" time="91.451" errors="0">
  <testcase name="failTest" time="91.432" classname="webAutoTest.CitrussTV.UAEnglishPaypalClass"/>
  <testcase name="passTest" time="0.019" classname="webAutoTest.CitrussTV.UAEnglishPaypalClass"/>
</testsuite> <!-- webAutoTest.CitrussTV.UAEnglishPaypalClass -->
