<?xml version="1.0" encoding="UTF-8"?>
<!-- Generated by org.testng.reporters.JUnitReportReporter -->
<testsuite hostname="PoojaPatange-PC" name="webAutoTest.CitrussTV.AllStoresareUPEnglishClass" tests="2" failures="0" timestamp="24 Jun 2018 10:18:26 GMT" time="107.035" errors="0">
  <testcase name="failTest" time="107.028" classname="webAutoTest.CitrussTV.AllStoresareUPEnglishClass"/>
  <testcase name="passTest" time="0.007" classname="webAutoTest.CitrussTV.AllStoresareUPEnglishClass"/>
</testsuite> <!-- webAutoTest.CitrussTV.AllStoresareUPEnglishClass -->
