<?xml version="1.0" encoding="UTF-8"?>
<!-- Generated by org.testng.reporters.JUnitReportReporter -->
<testsuite hostname="PoojaPatange-PC" name="webAutoTest.UAEArabicPaypalClass" tests="2" failures="0" timestamp="4 Jul 2018 11:27:45 GMT" time="102.497" errors="0">
  <testcase name="passTest" time="0.015" classname="webAutoTest.UAEArabicPaypalClass"/>
  <testcase name="failTest" time="102.482" classname="webAutoTest.UAEArabicPaypalClass"/>
</testsuite> <!-- webAutoTest.UAEArabicPaypalClass -->
