<?xml version="1.0" encoding="UTF-8"?>
<!-- Generated by org.testng.reporters.JUnitReportReporter -->
<testsuite hostname="PoojaPatange-PC" name="webAutoTest.SaudiEnglishCreditCardClass" tests="2" failures="0" timestamp="2 Jul 2018 09:41:02 GMT" time="186.739" errors="0">
  <testcase name="failTest" time="186.731" classname="webAutoTest.SaudiEnglishCreditCardClass"/>
  <testcase name="passTest" time="0.008" classname="webAutoTest.SaudiEnglishCreditCardClass"/>
</testsuite> <!-- webAutoTest.SaudiEnglishCreditCardClass -->
