<?xml version="1.0" encoding="UTF-8"?>
<!-- Generated by org.testng.reporters.JUnitReportReporter -->
<testsuite hostname="PoojaPatange-PC" name="webAutoTest.UAEnglishCreditCardClass" tests="2" failures="0" timestamp="3 Jul 2018 08:52:15 GMT" time="127.602" errors="0">
  <testcase name="passTest" time="0.004" classname="webAutoTest.UAEnglishCreditCardClass"/>
  <testcase name="failTest" time="127.598" classname="webAutoTest.UAEnglishCreditCardClass"/>
</testsuite> <!-- webAutoTest.UAEnglishCreditCardClass -->
