<?xml version="1.0" encoding="UTF-8"?>
<!-- Generated by org.testng.reporters.JUnitReportReporter -->
<testsuite hostname="PoojaPatange-PC" name="webAutoTest.UAEnglishCODClass" tests="2" failures="0" timestamp="3 Jul 2018 08:48:54 GMT" time="119.965" errors="0">
  <testcase name="failTest" time="119.958" classname="webAutoTest.UAEnglishCODClass"/>
  <testcase name="passTest" time="0.007" classname="webAutoTest.UAEnglishCODClass"/>
</testsuite> <!-- webAutoTest.UAEnglishCODClass -->
