<?xml version="1.0" encoding="UTF-8"?>
<!-- Generated by org.testng.reporters.JUnitReportReporter -->
<testsuite hostname="PoojaPatange-PC" name="webAutoTest.CitrussTV.UAEnglishPaypalClass" tests="2" failures="0" timestamp="26 Jun 2018 07:55:31 GMT" time="88.627" errors="0">
  <testcase name="passTest" time="0.009" classname="webAutoTest.CitrussTV.UAEnglishPaypalClass"/>
  <testcase name="failTest" time="88.618" classname="webAutoTest.CitrussTV.UAEnglishPaypalClass"/>
</testsuite> <!-- webAutoTest.CitrussTV.UAEnglishPaypalClass -->
