<?xml version="1.0" encoding="UTF-8"?>
<!-- Generated by org.testng.reporters.JUnitReportReporter -->
<testsuite hostname="PoojaPatange-PC" name="webAutoTest.CitrussTV.SaudiArabicCODClass" tests="2" failures="0" timestamp="24 Jun 2018 11:34:09 GMT" time="164.551" errors="0">
  <testcase name="passTest" time="0.005" classname="webAutoTest.CitrussTV.SaudiArabicCODClass"/>
  <testcase name="failTest" time="164.546" classname="webAutoTest.CitrussTV.SaudiArabicCODClass"/>
</testsuite> <!-- webAutoTest.CitrussTV.SaudiArabicCODClass -->
