<?xml version="1.0" encoding="UTF-8"?>
<!-- Generated by org.testng.reporters.JUnitReportReporter -->
<testsuite hostname="PoojaPatange-PC" name="webAutoTest.CitrussTV.MainMenuLinksArabicClass" tests="2" failures="0" timestamp="24 Jun 2018 10:21:50 GMT" time="92.898" errors="0">
  <testcase name="failTest" time="92.893" classname="webAutoTest.CitrussTV.MainMenuLinksArabicClass"/>
  <testcase name="passTest" time="0.005" classname="webAutoTest.CitrussTV.MainMenuLinksArabicClass"/>
</testsuite> <!-- webAutoTest.CitrussTV.MainMenuLinksArabicClass -->
