<?xml version="1.0" encoding="UTF-8"?>
<!-- Generated by org.testng.reporters.JUnitReportReporter -->
<testsuite hostname="PoojaPatange-PC" name="webAutoTest.CitrussTV.UAEnglishCODClass" tests="2" failures="0" timestamp="24 Jun 2018 13:54:02 GMT" time="80.729" errors="0">
  <testcase name="failTest" time="80.724" classname="webAutoTest.CitrussTV.UAEnglishCODClass"/>
  <testcase name="passTest" time="0.005" classname="webAutoTest.CitrussTV.UAEnglishCODClass"/>
</testsuite> <!-- webAutoTest.CitrussTV.UAEnglishCODClass -->
