<?xml version="1.0" encoding="UTF-8"?>
<!-- Generated by org.testng.reporters.JUnitReportReporter -->
<testsuite hostname="PoojaPatange-PC" name="webAutoTest.CitrussTV.AllStoresareUPArabicClass" tests="2" failures="0" timestamp="27 Jun 2018 08:02:14 GMT" time="114.122" errors="0">
  <testcase name="passTest" time="0.015" classname="webAutoTest.CitrussTV.AllStoresareUPArabicClass"/>
  <testcase name="failTest" time="114.107" classname="webAutoTest.CitrussTV.AllStoresareUPArabicClass"/>
</testsuite> <!-- webAutoTest.CitrussTV.AllStoresareUPArabicClass -->
